<?xml version="1.0" encoding="UTF-8"?>
<!-- Generated by org.testng.reporters.JUnitXMLReporter -->
<testsuite hostname="mladensImac" ignored="2" name="Default test" tests="1" failures="0" timestamp="2022-02-01T22:23:53 CET" time="16.338" errors="0">
  <testcase name="menuHappyPath" time="13.723" classname="test.TestExamKitchen"/>
  <testcase name="reserveHappyPath" time="0.0" classname="test.TestExamKitchen">
    <ignored/>
  </testcase> <!-- reserveHappyPath -->
  <testcase name="questionaireHappyPath" time="0.0" classname="test.TestExamKitchen">
    <ignored/>
  </testcase> <!-- questionaireHappyPath -->
</testsuite> <!-- Default test -->
