<?xml version="1.0" encoding="UTF-8"?>
<testng-results skipped="0" failed="0" ignored="2" total="3" passed="1">
  <reporter-output>
  </reporter-output>
  <suite name="Default suite" duration-ms="16338" started-at="2022-02-01T22:23:36 CET" finished-at="2022-02-01T22:23:53 CET">
    <groups>
    </groups>
    <test name="Default test" duration-ms="16338" started-at="2022-02-01T22:23:36 CET" finished-at="2022-02-01T22:23:53 CET">
      <class name="test.TestExamKitchen">
        <test-method status="PASS" signature="setup()[pri:0, instance:test.TestExamKitchen@7e2d773b]" name="setup" is-config="true" duration-ms="2491" started-at="2022-02-01T22:23:36 CET" finished-at="2022-02-01T22:23:39 CET">
          <reporter-output>
          </reporter-output>
        </test-method> <!-- setup -->
        <test-method status="PASS" signature="menuHappyPath()[pri:0, instance:test.TestExamKitchen@7e2d773b]" name="menuHappyPath" duration-ms="13723" started-at="2022-02-01T22:23:39 CET" finished-at="2022-02-01T22:23:53 CET">
          <reporter-output>
          </reporter-output>
        </test-method> <!-- menuHappyPath -->
        <test-method status="PASS" signature="tearDown()[pri:0, instance:test.TestExamKitchen@7e2d773b]" name="tearDown" is-config="true" duration-ms="89" started-at="2022-02-01T22:23:53 CET" finished-at="2022-02-01T22:23:53 CET">
          <reporter-output>
          </reporter-output>
        </test-method> <!-- tearDown -->
      </class> <!-- test.TestExamKitchen -->
    </test> <!-- Default test -->
  </suite> <!-- Default suite -->
</testng-results>
